C51 COMPILER V9.60.7.0   BUZZ                                                              05/28/2023 12:00:49 PAGE 1   


C51 COMPILER V9.60.7.0, COMPILATION OF MODULE BUZZ
OBJECT MODULE PLACED IN .\Objects\BUZZ.obj
COMPILER INVOKED BY: D:\Development\KEIL\Keil5\C51\BIN\C51.EXE SRC\BUZZ.c OPTIMIZE(8,SPEED) BROWSE DEBUG OBJECTEXTEND PR
                    -INT(.\Listings\BUZZ.lst) TABS(2) OBJECT(.\Objects\BUZZ.obj)

line level    source

   1          #include "BUZZ.h"
   2          #include "delay.h"
   3          sbit Buzzer = P2 ^ 5;
   4          void Buzzer_Time(uInit ms)
   5          {
   6   1      
   7   1          uInit i;
   8   1      
   9   1          for (i = 0; i < ms; i++)
  10   1          {
  11   2      
  12   2              Buzzer = !Buzzer;
  13   2              delay(1);
  14   2          }
  15   1      }


MODULE INFORMATION:   STATIC OVERLAYABLE
   CODE SIZE        =     40    ----
   CONSTANT SIZE    =   ----    ----
   XDATA SIZE       =   ----    ----
   PDATA SIZE       =   ----    ----
   DATA SIZE        =   ----       4
   IDATA SIZE       =   ----    ----
   BIT SIZE         =   ----    ----
END OF MODULE INFORMATION.


C51 COMPILATION COMPLETE.  0 WARNING(S),  0 ERROR(S)
